testing: warning: no tests to run
PASS
ok  	github.com/elastic/cloud-on-k8s/v3/test/e2e	0.751s [no tests to run]
testing: warning: no tests to run
PASS
ok  	github.com/elastic/cloud-on-k8s/v3/test/e2e/agent	0.743s [no tests to run]
testing: warning: no tests to run
PASS
ok  	github.com/elastic/cloud-on-k8s/v3/test/e2e/apm	0.515s [no tests to run]
=== RUN   TestAutoOpsAgentPolicy
{"log.level":"info","@timestamp":"2026-01-12T18:00:48.092+0200","log.logger":"e2e","message":"Test context initialized","service.version":"0.0.0-SNAPSHOT+00000000","service.type":"eck","ecs.version":"1.4.0","context":{"operator":{"name":"e2e-operator","namespace":"e2e-elastic-system","operator_replicas":1,"managed_namespaces":["e2e-mercury","e2e-venus"]},"e2e_image":"","e2e_namespace":"e2e-system","e2e_service_account":"e2e","elastic_stack_version":"9.2.1","log_verbosity":1,"operator_image":"docker.elastic.co/eck-dev/eck-operator-kostam:3.3.0-SNAPSHOT-c2d8f245","operator_image_repo":"docker.elastic.co/eck-dev/eck-operator-kostam","operator_image_tag":"3.3.0-SNAPSHOT-c2d8f245","test_license":"","test_license_pkey_path":"","test_regex":"","test_run":"e2e","monitoring_secrets":"","test_timeout":900000000000,"auto_port_forwarding":true,"deploy_chaos_job":false,"local":true,"ignore_webhook_failures":true,"ocp_cluster":false,"aks_cluster":false,"pipeline":"","build_number":"","provider":"","clusterName":"","kubernetes_version":"1.34.3","gcp_credentials_path":"","autopilot_cluster":false,"test_tags":[],"e2e_tags":"e2e","log_to_file":false,"artefacts_dir":"/tmp/artefacts"}}
=== RUN   TestAutoOpsAgentPolicy/Create_an_Enterprise_license_secret
    common_steps.go:97: 
        	Error Trace:	/Users/kostam/opt/elastic/cloud-on-k8s/test/e2e/test/common_steps.go:97
        	Error:      	Received unexpected error:
        	            	open : no such file or directory
        	Test:       	TestAutoOpsAgentPolicy/Create_an_Enterprise_license_secret
{"log.level":"error","@timestamp":"2026-01-12T18:00:48.100+0200","message":"continuing with additional tests","service.version":"0.0.0-SNAPSHOT+00000000","service.type":"eck","ecs.version":"1.4.0","error":"test Create an Enterprise license secret failed","error.stack_trace":"github.com/elastic/cloud-on-k8s/v3/test/e2e/test.StepList.RunSequential\n\t/Users/kostam/opt/elastic/cloud-on-k8s/test/e2e/test/step.go:52\ngithub.com/elastic/cloud-on-k8s/v3/test/e2e/autoops.TestAutoOpsAgentPolicy\n\t/Users/kostam/opt/elastic/cloud-on-k8s/test/e2e/autoops/autoops_test.go:67\ntesting.tRunner\n\t/opt/homebrew/Cellar/go/1.25.5/libexec/src/testing/testing.go:1934"}
--- FAIL: TestAutoOpsAgentPolicy (0.18s)
    --- FAIL: TestAutoOpsAgentPolicy/Create_an_Enterprise_license_secret (0.00s)
FAIL
FAIL	github.com/elastic/cloud-on-k8s/v3/test/e2e/autoops	0.941s
testing: warning: no tests to run
PASS
ok  	github.com/elastic/cloud-on-k8s/v3/test/e2e/beat	0.774s [no tests to run]
?   	github.com/elastic/cloud-on-k8s/v3/test/e2e/cmd	[no test files]
?   	github.com/elastic/cloud-on-k8s/v3/test/e2e/cmd/chaos	[no test files]
testing: warning: no tests to run
PASS
ok  	github.com/elastic/cloud-on-k8s/v3/test/e2e/cmd/run	0.463s [no tests to run]
testing: warning: no tests to run
PASS
ok  	github.com/elastic/cloud-on-k8s/v3/test/e2e/ems	0.567s [no tests to run]
testing: warning: no tests to run
PASS
ok  	github.com/elastic/cloud-on-k8s/v3/test/e2e/ent	0.575s [no tests to run]
